[2011-10-14 16:58:34,602: INFO/PoolWorker-1] newqc.tasks.CurlPrinterTask[2bdd37c5-e932-4ca3-b1d5-bfe0e843013a]: Setting up CURL
[2011-10-14 16:58:34,611: INFO/PoolWorker-1] newqc.tasks.CurlPrinterTask[2bdd37c5-e932-4ca3-b1d5-bfe0e843013a]: Contacting printer
[2011-10-14 16:58:37,614: WARNING/PoolWorker-1] newqc.tasks.CurlPrinterTask[2bdd37c5-e932-4ca3-b1d5-bfe0e843013a]: Unable to contact printer. Retrying...
[2011-10-14 16:59:03,019: INFO/PoolWorker-1] newqc.tasks.CurlPrinterTask[90668504-37ac-4371-8d26-5a05794a75bd]: Setting up CURL
[2011-10-14 16:59:03,021: INFO/PoolWorker-1] newqc.tasks.CurlPrinterTask[90668504-37ac-4371-8d26-5a05794a75bd]: Contacting printer
[2011-10-14 16:59:06,024: WARNING/PoolWorker-1] newqc.tasks.CurlPrinterTask[90668504-37ac-4371-8d26-5a05794a75bd]: Unable to contact printer. Retrying...
[2011-10-14 17:01:38,037: INFO/PoolWorker-1] newqc.tasks.CurlPrinterTask[2bdd37c5-e932-4ca3-b1d5-bfe0e843013a]: Setting up CURL
[2011-10-14 17:01:38,038: INFO/PoolWorker-1] newqc.tasks.CurlPrinterTask[2bdd37c5-e932-4ca3-b1d5-bfe0e843013a]: Contacting printer
[2011-10-14 17:01:41,041: WARNING/PoolWorker-1] newqc.tasks.CurlPrinterTask[2bdd37c5-e932-4ca3-b1d5-bfe0e843013a]: Unable to contact printer. Retrying...
[2011-10-14 17:04:41,200: INFO/PoolWorker-1] newqc.tasks.CurlPrinterTask[2bdd37c5-e932-4ca3-b1d5-bfe0e843013a]: Setting up CURL
[2011-10-14 17:04:41,201: INFO/PoolWorker-1] newqc.tasks.CurlPrinterTask[2bdd37c5-e932-4ca3-b1d5-bfe0e843013a]: Contacting printer
[2011-10-14 17:04:44,204: WARNING/PoolWorker-1] newqc.tasks.CurlPrinterTask[2bdd37c5-e932-4ca3-b1d5-bfe0e843013a]: Unable to contact printer. Retrying...
INFO:root:Request result: True
[2012-01-23 01:13:57,864: WARNING/PoolWorker-1] newqc.tasks.CurlPrinter[401d4bef-ec97-4581-9b95-0aabd9eb4ea0]: Unable to contact printer. Retrying...
[2012-01-23 01:14:18,389: WARNING/PoolWorker-1] newqc.tasks.CurlPrinter[e9444746-21b2-48b6-baa7-595692cf7c7b]: Unable to contact printer. Retrying...
[2012-01-23 01:15:14,834: WARNING/PoolWorker-1] newqc.tasks.CurlPrinter[ad1dfeea-33eb-47d4-9d83-8b25c8f7b48a]: Unable to contact printer. Retrying...
[2012-01-23 01:15:20,398: WARNING/PoolWorker-1] newqc.tasks.CurlPrinter[48fb206f-49be-43de-b95f-281b100a7db4]: Unable to contact printer. Retrying...
[2012-01-23 01:18:17,561: WARNING/PoolWorker-1] newqc.tasks.CurlPrinter[ad1dfeea-33eb-47d4-9d83-8b25c8f7b48a]: Unable to contact printer. Retrying...
[2012-01-23 01:18:23,573: WARNING/PoolWorker-1] newqc.tasks.CurlPrinter[48fb206f-49be-43de-b95f-281b100a7db4]: Unable to contact printer. Retrying...
[2012-01-23 01:21:20,716: WARNING/PoolWorker-1] newqc.tasks.CurlPrinter[ad1dfeea-33eb-47d4-9d83-8b25c8f7b48a]: Unable to contact printer. Retrying...
[2012-01-23 01:21:26,728: WARNING/PoolWorker-1] newqc.tasks.CurlPrinter[48fb206f-49be-43de-b95f-281b100a7db4]: Unable to contact printer. Retrying...
[2012-01-23 01:24:23,876: WARNING/PoolWorker-1] newqc.tasks.CurlPrinter[ad1dfeea-33eb-47d4-9d83-8b25c8f7b48a]: Unable to contact printer. Retrying...
[2012-01-23 01:24:29,886: WARNING/PoolWorker-1] newqc.tasks.CurlPrinter[48fb206f-49be-43de-b95f-281b100a7db4]: Unable to contact printer. Retrying...
[2012-01-23 01:27:27,019: WARNING/PoolWorker-1] newqc.tasks.CurlPrinter[ad1dfeea-33eb-47d4-9d83-8b25c8f7b48a]: Unable to contact printer. Retrying...
[2012-01-23 01:27:33,027: WARNING/PoolWorker-1] newqc.tasks.CurlPrinter[48fb206f-49be-43de-b95f-281b100a7db4]: Unable to contact printer. Retrying...
